<?xml version="1.0" encoding="UTF-8"?>
<testsuite xmlns:xsi="http://www.w3.org/2001/XMLSchema-instance" xsi:noNamespaceSchemaLocation="https://maven.apache.org/surefire/maven-surefire-plugin/xsd/surefire-test-report.xsd" name="TestSuite" time="146.431" tests="15" errors="0" skipped="0" failures="2">
  <properties>
[...]
</properties>
  <testcase name="checkNoOfContcts" classname="com.CRM.qa.testcases.ContactsPageTest" time="0.016"/>
  <testcase name="createbuttonPresenceTest" classname="com.CRM.qa.testcases.ContactsPageTest" time="0.029"/>
  <testcase name="pageTitleTest" classname="com.CRM.qa.testcases.ContactsPageTest" time="0.025"/>
  <testcase name="validateCreateNewContact" classname="com.CRM.qa.testcases.ContactsPageTest" time="0.951"/>
  <testcase name="validateCreateNewContact" classname="com.CRM.qa.testcases.ContactsPageTest" time="0.934"/>
  <testcase name="validateCreateNewContact" classname="com.CRM.qa.testcases.ContactsPageTest" time="0.91"/>
  <testcase name="validateCreateNewContact" classname="com.CRM.qa.testcases.ContactsPageTest" time="0.937"/>
  <testcase name="validateCreateNewContact" classname="com.CRM.qa.testcases.ContactsPageTest" time="0.85"/>
  <testcase name="imgTest" classname="com.CRM.qa.testcases.CRMPageTest" time="0.071"/>
  <testcase name="openLoginPageTest" classname="com.CRM.qa.testcases.CRMPageTest" time="1.723"/>
  <testcase name="openSignupPageTest" classname="com.CRM.qa.testcases.CRMPageTest" time="1.016"/>
  <testcase name="pageTitleTest" classname="com.CRM.qa.testcases.CRMPageTest" time="0.042">
    <failure message="expected [#1 Free CRM Power Up your Entire Business Free Forever] but found [#1 Free CRM Power Up your Entire Business Free Forever customer relationship management]" type="java.lang.AssertionError">java.lang.AssertionError: expected [#1 Free CRM Power Up your Entire Business Free Forever] but found [#1 Free CRM Power Up your Entire Business Free Forever customer relationship management]
	at com.CRM.qa.testcases.CRMPageTest.pageTitleTest(CRMPageTest.java:33)
</failure>
    <system-out><![CDATA[Before navigating to: 'https://freecrm.com/'
Navigated to:'https://freecrm.com/'
]]></system-out>
  </testcase>
  <testcase name="pageTitletest" classname="com.CRM.qa.testcases.LoginPageTest" time="0.004">
    <failure message="expected [ CRM] but found [Cogmento CRM]" type="java.lang.AssertionError">java.lang.AssertionError: expected [ CRM] but found [Cogmento CRM]
	at com.CRM.qa.testcases.LoginPageTest.pageTitletest(LoginPageTest.java:37)
</failure>
    <system-out><![CDATA[Before navigating to: 'https://freecrm.com/'
Navigated to:'https://freecrm.com/'
]]></system-out>
  </testcase>
  <testcase name="pageTitleTest" classname="com.CRM.qa.testcases.SignupPageTest" time="0.005"/>
  <testcase name="openLoginPageTest" classname="com.CRM.qa.testcases.SignupPageTest" time="1.293"/>
</testsuite>